[INFO ] 2025-04-08 10:34:15.926 [TestNG-test-Healthcare API Tests-1] CommonStepDefinition - Environment: qa
[INFO ] 2025-04-08 10:34:16.142 [TestNG-test-Healthcare API Tests-1] CommonStepDefinition - BaseURI: https://healthcare.googleapis.com/v1
[INFO ] 2025-04-08 10:34:16.148 [TestNG-test-Healthcare API Tests-1] CreateDataset - Request Body: {}
[INFO ] 2025-04-08 10:34:16.151 [TestNG-test-Healthcare API Tests-1] CreateDataset - Make POST request to create dataset 
[INFO ] 2025-04-08 10:34:16.938 [TestNG-test-Healthcare API Tests-1] CreateDataset - Endpoint/projects/healthcare-system-api/locations/us-central1/datasets?datasetId=healthcare_data
[INFO ] 2025-04-08 10:34:16.940 [TestNG-test-Healthcare API Tests-1] CreateDataset - Final API URL: /projects/healthcare-system-api/locations/us-central1/datasets?datasetId=healthcare_data
[INFO ] 2025-04-08 10:34:23.344 [TestNG-test-Healthcare API Tests-1] CommonStepDefinition - Environment: qa
[INFO ] 2025-04-08 10:34:23.345 [TestNG-test-Healthcare API Tests-1] CommonStepDefinition - BaseURI: https://healthcare.googleapis.com/v1
[INFO ] 2025-04-08 10:34:23.350 [TestNG-test-Healthcare API Tests-1] Patch - Executing PATCH request for dataset timezone update...
[INFO ] 2025-04-08 10:34:23.393 [TestNG-test-Healthcare API Tests-1] Patch - Endpoint/projects/healthcare-system-api/locations/us-central1/datasets/healthcare_data?updateMask=timeZone
[INFO ] 2025-04-08 10:34:23.393 [TestNG-test-Healthcare API Tests-1] Patch - Final API URL: /projects/healthcare-system-api/locations/us-central1/datasets/healthcare_data?updateMask=timeZone
[INFO ] 2025-04-08 10:34:23.707 [TestNG-test-Healthcare API Tests-1] Patch - Status Code: 200
[INFO ] 2025-04-08 10:34:23.707 [TestNG-test-Healthcare API Tests-1] Patch - Dataset timezone updated successfully.
[INFO ] 2025-04-08 10:34:23.710 [TestNG-test-Healthcare API Tests-1] Patch - Response Body: {
    "name": "projects/healthcare-system-api/locations/us-central1/datasets/healthcare_data",
    "timeZone": "UTC",
    "satisfiesPzi": true
}
[INFO ] 2025-04-08 10:34:23.732 [TestNG-test-Healthcare API Tests-1] CommonStepDefinition - Environment: qa
[INFO ] 2025-04-08 10:34:23.733 [TestNG-test-Healthcare API Tests-1] CommonStepDefinition - BaseURI: https://healthcare.googleapis.com/v1
[INFO ] 2025-04-08 10:34:23.779 [TestNG-test-Healthcare API Tests-1] CreateFHIRStore - Endpoint/projects/healthcare-system-api/locations/us-central1/datasets/healthcare_data/fhirStores?fhirStoreId=Dar_83
[INFO ] 2025-04-08 10:34:23.781 [TestNG-test-Healthcare API Tests-1] CreateFHIRStore - Final API URL: /projects/healthcare-system-api/locations/us-central1/datasets/healthcare_data/fhirStores?fhirStoreId=Dar_83
[INFO ] 2025-04-08 10:34:24.015 [TestNG-test-Healthcare API Tests-1] CreateFHIRStore - Response Status Code: 200
[INFO ] 2025-04-08 10:34:24.016 [TestNG-test-Healthcare API Tests-1] CreateFHIRStore - Response Body: {
    "name": "projects/healthcare-system-api/locations/us-central1/datasets/healthcare_data/fhirStores/Dar_83",
    "version": "R4",
    "complexDataTypeReferenceParsing": "ENABLED"
}
[INFO ] 2025-04-08 10:34:24.035 [TestNG-test-Healthcare API Tests-1] CommonStepDefinition - Environment: qa
[INFO ] 2025-04-08 10:34:24.036 [TestNG-test-Healthcare API Tests-1] CommonStepDefinition - BaseURI: https://healthcare.googleapis.com/v1
[INFO ] 2025-04-08 10:34:24.084 [TestNG-test-Healthcare API Tests-1] GetAllFHIRStores - Endpoint/projects/healthcare-system-api/locations/us-central1/datasets/healthcare_data/fhirStores
[INFO ] 2025-04-08 10:34:24.085 [TestNG-test-Healthcare API Tests-1] GetAllFHIRStores - Final API URL: /projects/healthcare-system-api/locations/us-central1/datasets/healthcare_data/fhirStores
[INFO ] 2025-04-08 10:34:24.328 [TestNG-test-Healthcare API Tests-1] GetAllFHIRStores - All Stores are listed successfully.
[INFO ] 2025-04-08 10:34:24.328 [TestNG-test-Healthcare API Tests-1] GetAllFHIRStores - Response Body: {
    "fhirStores": [
        {
            "name": "projects/healthcare-system-api/locations/us-central1/datasets/healthcare_data/fhirStores/Dar_83",
            "version": "R4",
            "complexDataTypeReferenceParsing": "ENABLED"
        }
    ]
}
