[INFO ] 2025-03-29 17:54:32.069 [main] createDataset - Access token: ya29.a0AeXRPp48WCVNutuzF7UzM4tK_8orFl7ZnR8uRTShDWBQOcsgtcTZSqqbUfl7-aYDexPpKPVAP3jDgt7I7S6IVR4_KGDdHPj6A0JXsNwaNm-8bc53rtjMMdeYMJNxZJuy151iw8OlHz6KDF4tO8otyPn7R4WfzitKinI53ayJ6AaCgYKAZsSARASFQHGX2Micc33CWLeyQzmOH2pyAo-Lw0177
[INFO ] 2025-03-29 17:54:32.083 [main] createDataset - Make POST request to create dataset 
[INFO ] 2025-03-29 17:54:34.029 [main] createDataset - Dataset already exists. Skipping creation.
[INFO ] 2025-03-29 17:54:34.096 [main] createDataset - Access token: ya29.a0AeXRPp48WCVNutuzF7UzM4tK_8orFl7ZnR8uRTShDWBQOcsgtcTZSqqbUfl7-aYDexPpKPVAP3jDgt7I7S6IVR4_KGDdHPj6A0JXsNwaNm-8bc53rtjMMdeYMJNxZJuy151iw8OlHz6KDF4tO8otyPn7R4WfzitKinI53ayJ6AaCgYKAZsSARASFQHGX2Micc33CWLeyQzmOH2pyAo-Lw0177
[INFO ] 2025-03-29 17:54:34.100 [main] Patch - Executing PATCH request for dataset timezone update...
[INFO ] 2025-03-29 17:54:34.483 [main] Patch - Status Code: 200
[INFO ] 2025-03-29 17:54:34.483 [main] Patch - Dataset timezone updated successfully.
[INFO ] 2025-03-29 18:05:30.903 [main] createDataset - Access token: ya29.a0AeXRPp48WCVNutuzF7UzM4tK_8orFl7ZnR8uRTShDWBQOcsgtcTZSqqbUfl7-aYDexPpKPVAP3jDgt7I7S6IVR4_KGDdHPj6A0JXsNwaNm-8bc53rtjMMdeYMJNxZJuy151iw8OlHz6KDF4tO8otyPn7R4WfzitKinI53ayJ6AaCgYKAZsSARASFQHGX2Micc33CWLeyQzmOH2pyAo-Lw0177
[INFO ] 2025-03-29 18:05:30.910 [main] Patch - Executing PATCH request for dataset timezone update...
[INFO ] 2025-03-29 18:05:32.093 [main] Patch - Status Code: 401
[ERROR] 2025-03-29 18:05:32.093 [main] Patch - Error updating dataset: {
  "error": {
    "code": 401,
    "message": "Request is missing required authentication credential. Expected OAuth 2 access token, login cookie or other valid authentication credential. See https://developers.google.com/identity/sign-in/web/devconsole-project.",
    "status": "UNAUTHENTICATED",
    "details": [
      {
        "@type": "type.googleapis.com/google.rpc.ErrorInfo",
        "reason": "CREDENTIALS_MISSING",
        "domain": "googleapis.com",
        "metadata": {
          "method": "google.cloud.healthcare.v1.dataset.DatasetService.UpdateDataset",
          "service": "healthcare.googleapis.com"
        }
      }
    ]
  }
}

[INFO ] 2025-03-29 18:09:24.934 [main] createDataset - Access token: ya29.a0AeXRPp7zRhVLD6zCqkcqJUI1goFa3XoQc2hfNl2ZaOCiWEupTfme79ppvc9QALZxxhHGe8etu2r-KIenCrv2pR21lhbX82QqdvXwHEBEJELjICbiTA5cci4mXwqzss7sthOVmPPrXW2h5x9cf1WbQGYq3pS6UGiyqMyUp1KXTwaCgYKAcASARASFQHGX2Mi-dzpXYYoLYciRE7k1j9cPw0177
[INFO ] 2025-03-29 18:09:24.938 [main] Patch - Executing PATCH request for dataset timezone update...
[INFO ] 2025-03-29 18:09:26.278 [main] Patch - Status Code: 401
[ERROR] 2025-03-29 18:09:26.279 [main] Patch - Error updating dataset: {
  "error": {
    "code": 401,
    "message": "Request is missing required authentication credential. Expected OAuth 2 access token, login cookie or other valid authentication credential. See https://developers.google.com/identity/sign-in/web/devconsole-project.",
    "status": "UNAUTHENTICATED",
    "details": [
      {
        "@type": "type.googleapis.com/google.rpc.ErrorInfo",
        "reason": "CREDENTIALS_MISSING",
        "domain": "googleapis.com",
        "metadata": {
          "method": "google.cloud.healthcare.v1.dataset.DatasetService.UpdateDataset",
          "service": "healthcare.googleapis.com"
        }
      }
    ]
  }
}

[INFO ] 2025-03-29 18:12:16.122 [main] createDataset - Access token: ya29.a0AeXRPp7zRhVLD6zCqkcqJUI1goFa3XoQc2hfNl2ZaOCiWEupTfme79ppvc9QALZxxhHGe8etu2r-KIenCrv2pR21lhbX82QqdvXwHEBEJELjICbiTA5cci4mXwqzss7sthOVmPPrXW2h5x9cf1WbQGYq3pS6UGiyqMyUp1KXTwaCgYKAcASARASFQHGX2Mi-dzpXYYoLYciRE7k1j9cPw0177
[INFO ] 2025-03-29 18:12:16.125 [main] Patch - Executing PATCH request for dataset timezone update...
[INFO ] 2025-03-29 18:12:17.363 [main] Patch - Status Code: 401
[ERROR] 2025-03-29 18:12:17.364 [main] Patch - Error updating dataset: {
  "error": {
    "code": 401,
    "message": "Request is missing required authentication credential. Expected OAuth 2 access token, login cookie or other valid authentication credential. See https://developers.google.com/identity/sign-in/web/devconsole-project.",
    "status": "UNAUTHENTICATED",
    "details": [
      {
        "@type": "type.googleapis.com/google.rpc.ErrorInfo",
        "reason": "CREDENTIALS_MISSING",
        "domain": "googleapis.com",
        "metadata": {
          "method": "google.cloud.healthcare.v1.dataset.DatasetService.UpdateDataset",
          "service": "healthcare.googleapis.com"
        }
      }
    ]
  }
}

[INFO ] 2025-03-29 18:16:39.198 [main] createDataset - Access token: ya29.a0AeXRPp7zRhVLD6zCqkcqJUI1goFa3XoQc2hfNl2ZaOCiWEupTfme79ppvc9QALZxxhHGe8etu2r-KIenCrv2pR21lhbX82QqdvXwHEBEJELjICbiTA5cci4mXwqzss7sthOVmPPrXW2h5x9cf1WbQGYq3pS6UGiyqMyUp1KXTwaCgYKAcASARASFQHGX2Mi-dzpXYYoLYciRE7k1j9cPw0177
[INFO ] 2025-03-29 18:16:39.204 [main] Patch - Executing PATCH request for dataset timezone update...
[INFO ] 2025-03-29 18:16:40.593 [main] Patch - Status Code: 401
[ERROR] 2025-03-29 18:16:40.593 [main] Patch - Error updating dataset: {
  "error": {
    "code": 401,
    "message": "Request is missing required authentication credential. Expected OAuth 2 access token, login cookie or other valid authentication credential. See https://developers.google.com/identity/sign-in/web/devconsole-project.",
    "status": "UNAUTHENTICATED",
    "details": [
      {
        "@type": "type.googleapis.com/google.rpc.ErrorInfo",
        "reason": "CREDENTIALS_MISSING",
        "domain": "googleapis.com",
        "metadata": {
          "method": "google.cloud.healthcare.v1.dataset.DatasetService.UpdateDataset",
          "service": "healthcare.googleapis.com"
        }
      }
    ]
  }
}

[INFO ] 2025-03-29 18:20:47.217 [main] createDataset - Access token: ya29.a0AeXRPp7zRhVLD6zCqkcqJUI1goFa3XoQc2hfNl2ZaOCiWEupTfme79ppvc9QALZxxhHGe8etu2r-KIenCrv2pR21lhbX82QqdvXwHEBEJELjICbiTA5cci4mXwqzss7sthOVmPPrXW2h5x9cf1WbQGYq3pS6UGiyqMyUp1KXTwaCgYKAcASARASFQHGX2Mi-dzpXYYoLYciRE7k1j9cPw0177
[INFO ] 2025-03-29 18:20:47.222 [main] Patch - Executing PATCH request for dataset timezone update...
[INFO ] 2025-03-29 18:20:48.553 [main] Patch - Status Code: 401
[ERROR] 2025-03-29 18:20:48.554 [main] Patch - Error updating dataset: {
  "error": {
    "code": 401,
    "message": "Request is missing required authentication credential. Expected OAuth 2 access token, login cookie or other valid authentication credential. See https://developers.google.com/identity/sign-in/web/devconsole-project.",
    "status": "UNAUTHENTICATED",
    "details": [
      {
        "@type": "type.googleapis.com/google.rpc.ErrorInfo",
        "reason": "CREDENTIALS_MISSING",
        "domain": "googleapis.com",
        "metadata": {
          "service": "healthcare.googleapis.com",
          "method": "google.cloud.healthcare.v1.dataset.DatasetService.UpdateDataset"
        }
      }
    ]
  }
}

[INFO ] 2025-03-29 18:27:18.269 [main] createDataset - Access token: ya29.a0AeXRPp7zRhVLD6zCqkcqJUI1goFa3XoQc2hfNl2ZaOCiWEupTfme79ppvc9QALZxxhHGe8etu2r-KIenCrv2pR21lhbX82QqdvXwHEBEJELjICbiTA5cci4mXwqzss7sthOVmPPrXW2h5x9cf1WbQGYq3pS6UGiyqMyUp1KXTwaCgYKAcASARASFQHGX2Mi-dzpXYYoLYciRE7k1j9cPw0177
[INFO ] 2025-03-29 18:27:18.277 [main] createDataset - Make POST request to create dataset 
[INFO ] 2025-03-29 18:27:19.666 [main] createDataset - Access token: ya29.a0AeXRPp7zRhVLD6zCqkcqJUI1goFa3XoQc2hfNl2ZaOCiWEupTfme79ppvc9QALZxxhHGe8etu2r-KIenCrv2pR21lhbX82QqdvXwHEBEJELjICbiTA5cci4mXwqzss7sthOVmPPrXW2h5x9cf1WbQGYq3pS6UGiyqMyUp1KXTwaCgYKAcASARASFQHGX2Mi-dzpXYYoLYciRE7k1j9cPw0177
[INFO ] 2025-03-29 18:27:19.668 [main] Patch - Executing PATCH request for dataset timezone update...
[INFO ] 2025-03-29 18:27:19.874 [main] Patch - Status Code: 401
[ERROR] 2025-03-29 18:27:19.875 [main] Patch - Error updating dataset: {
  "error": {
    "code": 401,
    "message": "Request is missing required authentication credential. Expected OAuth 2 access token, login cookie or other valid authentication credential. See https://developers.google.com/identity/sign-in/web/devconsole-project.",
    "status": "UNAUTHENTICATED",
    "details": [
      {
        "@type": "type.googleapis.com/google.rpc.ErrorInfo",
        "reason": "CREDENTIALS_MISSING",
        "domain": "googleapis.com",
        "metadata": {
          "method": "google.cloud.healthcare.v1.dataset.DatasetService.UpdateDataset",
          "service": "healthcare.googleapis.com"
        }
      }
    ]
  }
}

[INFO ] 2025-03-29 18:28:55.389 [main] createDataset - Access token: ya29.a0AeXRPp5TebahTDMkyJnjDwgLOJh1sT73sbIbpF5TU9MElMYJ-rJdPVv-HQk-iyTn1V2unEPtv5wyIgwHFi-R_6di42zDZVZWkK0nikO4VVKxLnbD-SwBnCesN1-hWUV3JUEoeVKzIxpqCPLODSviXb2jVLqIi_fu5MX3cpKTmgaCgYKAUgSARASFQHGX2Miaal-UqSbQAYvofGOgHusuA0177
[INFO ] 2025-03-29 18:28:55.396 [main] createDataset - Make POST request to create dataset 
[INFO ] 2025-03-29 18:28:56.812 [main] createDataset - Access token: ya29.a0AeXRPp5TebahTDMkyJnjDwgLOJh1sT73sbIbpF5TU9MElMYJ-rJdPVv-HQk-iyTn1V2unEPtv5wyIgwHFi-R_6di42zDZVZWkK0nikO4VVKxLnbD-SwBnCesN1-hWUV3JUEoeVKzIxpqCPLODSviXb2jVLqIi_fu5MX3cpKTmgaCgYKAUgSARASFQHGX2Miaal-UqSbQAYvofGOgHusuA0177
[INFO ] 2025-03-29 18:28:56.814 [main] Patch - Executing PATCH request for dataset timezone update...
[INFO ] 2025-03-29 18:28:57.062 [main] Patch - Status Code: 401
[ERROR] 2025-03-29 18:28:57.062 [main] Patch - Error updating dataset: {
  "error": {
    "code": 401,
    "message": "Request is missing required authentication credential. Expected OAuth 2 access token, login cookie or other valid authentication credential. See https://developers.google.com/identity/sign-in/web/devconsole-project.",
    "status": "UNAUTHENTICATED",
    "details": [
      {
        "@type": "type.googleapis.com/google.rpc.ErrorInfo",
        "reason": "CREDENTIALS_MISSING",
        "domain": "googleapis.com",
        "metadata": {
          "service": "healthcare.googleapis.com",
          "method": "google.cloud.healthcare.v1.dataset.DatasetService.UpdateDataset"
        }
      }
    ]
  }
}

[INFO ] 2025-03-29 18:30:06.340 [main] createDataset - Access token: ya29.a0AeXRPp5TebahTDMkyJnjDwgLOJh1sT73sbIbpF5TU9MElMYJ-rJdPVv-HQk-iyTn1V2unEPtv5wyIgwHFi-R_6di42zDZVZWkK0nikO4VVKxLnbD-SwBnCesN1-hWUV3JUEoeVKzIxpqCPLODSviXb2jVLqIi_fu5MX3cpKTmgaCgYKAUgSARASFQHGX2Miaal-UqSbQAYvofGOgHusuA0177
[INFO ] 2025-03-29 18:30:06.357 [main] createDataset - Make POST request to create dataset 
[INFO ] 2025-03-29 18:30:08.829 [main] createDataset - Access token: ya29.a0AeXRPp5TebahTDMkyJnjDwgLOJh1sT73sbIbpF5TU9MElMYJ-rJdPVv-HQk-iyTn1V2unEPtv5wyIgwHFi-R_6di42zDZVZWkK0nikO4VVKxLnbD-SwBnCesN1-hWUV3JUEoeVKzIxpqCPLODSviXb2jVLqIi_fu5MX3cpKTmgaCgYKAUgSARASFQHGX2Miaal-UqSbQAYvofGOgHusuA0177
[INFO ] 2025-03-29 18:30:08.832 [main] Patch - Executing PATCH request for dataset timezone update...
[INFO ] 2025-03-29 18:30:09.217 [main] Patch - Status Code: 200
[INFO ] 2025-03-29 18:30:09.217 [main] Patch - Dataset timezone updated successfully.
[INFO ] 2025-03-29 18:30:59.009 [main] createDataset - Access token: ya29.a0AeXRPp5TebahTDMkyJnjDwgLOJh1sT73sbIbpF5TU9MElMYJ-rJdPVv-HQk-iyTn1V2unEPtv5wyIgwHFi-R_6di42zDZVZWkK0nikO4VVKxLnbD-SwBnCesN1-hWUV3JUEoeVKzIxpqCPLODSviXb2jVLqIi_fu5MX3cpKTmgaCgYKAUgSARASFQHGX2Miaal-UqSbQAYvofGOgHusuA0177
[INFO ] 2025-03-29 18:30:59.015 [main] createDataset - Make POST request to create dataset 
[INFO ] 2025-03-29 18:31:00.367 [main] createDataset - Dataset already exists. Skipping creation.
[INFO ] 2025-03-29 18:31:00.426 [main] createDataset - Access token: ya29.a0AeXRPp5TebahTDMkyJnjDwgLOJh1sT73sbIbpF5TU9MElMYJ-rJdPVv-HQk-iyTn1V2unEPtv5wyIgwHFi-R_6di42zDZVZWkK0nikO4VVKxLnbD-SwBnCesN1-hWUV3JUEoeVKzIxpqCPLODSviXb2jVLqIi_fu5MX3cpKTmgaCgYKAUgSARASFQHGX2Miaal-UqSbQAYvofGOgHusuA0177
[INFO ] 2025-03-29 18:31:00.427 [main] Patch - Executing PATCH request for dataset timezone update...
[INFO ] 2025-03-29 18:31:00.813 [main] Patch - Status Code: 200
[INFO ] 2025-03-29 18:31:00.813 [main] Patch - Dataset timezone updated successfully.
[INFO ] 2025-03-29 21:56:36.657 [main] createDataset - Access token: ya29.a0AeXRPp5TebahTDMkyJnjDwgLOJh1sT73sbIbpF5TU9MElMYJ-rJdPVv-HQk-iyTn1V2unEPtv5wyIgwHFi-R_6di42zDZVZWkK0nikO4VVKxLnbD-SwBnCesN1-hWUV3JUEoeVKzIxpqCPLODSviXb2jVLqIi_fu5MX3cpKTmgaCgYKAUgSARASFQHGX2Miaal-UqSbQAYvofGOgHusuA0177
[INFO ] 2025-03-29 21:56:36.666 [main] createDataset - Make POST request to create dataset 
[INFO ] 2025-03-29 21:56:38.339 [main] createDataset - Access token: ya29.a0AeXRPp5TebahTDMkyJnjDwgLOJh1sT73sbIbpF5TU9MElMYJ-rJdPVv-HQk-iyTn1V2unEPtv5wyIgwHFi-R_6di42zDZVZWkK0nikO4VVKxLnbD-SwBnCesN1-hWUV3JUEoeVKzIxpqCPLODSviXb2jVLqIi_fu5MX3cpKTmgaCgYKAUgSARASFQHGX2Miaal-UqSbQAYvofGOgHusuA0177
[INFO ] 2025-03-29 21:56:38.340 [main] Patch - Executing PATCH request for dataset timezone update...
[INFO ] 2025-03-29 21:56:38.702 [main] Patch - Status Code: 401
[ERROR] 2025-03-29 21:56:38.703 [main] Patch - Error updating dataset: {
  "error": {
    "code": 401,
    "message": "Request had invalid authentication credentials. Expected OAuth 2 access token, login cookie or other valid authentication credential. See https://developers.google.com/identity/sign-in/web/devconsole-project.",
    "status": "UNAUTHENTICATED",
    "details": [
      {
        "@type": "type.googleapis.com/google.rpc.ErrorInfo",
        "reason": "ACCESS_TOKEN_TYPE_UNSUPPORTED",
        "metadata": {
          "method": "google.cloud.healthcare.v1.dataset.DatasetService.UpdateDataset",
          "service": "healthcare.googleapis.com"
        }
      }
    ]
  }
}

[INFO ] 2025-03-29 22:01:49.001 [main] createDataset - Access token: ya29.a0AeXRPp4LiIUmlZMdnsf_f6Oa3jIldkEpyDdL2DXDdnogociwC6pFSVhq44TdH2lUofOXEMn6zpoBPg6dO8gHwzVppCMxeXjuLucOQwKYeukaxr8ysfId_nTDA7-YfEPCg6mM4f8bPXb-UmtJxDvLHZOm9gsoaKGJiwOAFTIlawaCgYKAboSARASFQHGX2MiQmEvnlVXQ4xHTEbKBmHjZA0177
[INFO ] 2025-03-29 22:01:49.008 [main] createDataset - Make POST request to create dataset 
[INFO ] 2025-03-29 22:01:50.666 [main] createDataset - Dataset already exists. Skipping creation.
[INFO ] 2025-03-29 22:01:50.778 [main] createDataset - Access token: ya29.a0AeXRPp4LiIUmlZMdnsf_f6Oa3jIldkEpyDdL2DXDdnogociwC6pFSVhq44TdH2lUofOXEMn6zpoBPg6dO8gHwzVppCMxeXjuLucOQwKYeukaxr8ysfId_nTDA7-YfEPCg6mM4f8bPXb-UmtJxDvLHZOm9gsoaKGJiwOAFTIlawaCgYKAboSARASFQHGX2MiQmEvnlVXQ4xHTEbKBmHjZA0177
[INFO ] 2025-03-29 22:01:50.779 [main] Patch - Executing PATCH request for dataset timezone update...
[INFO ] 2025-03-29 22:01:51.322 [main] Patch - Status Code: 200
[INFO ] 2025-03-29 22:01:51.322 [main] Patch - Dataset timezone updated successfully.
[INFO ] 2025-03-29 22:04:37.961 [main] createDataset - Access token: ya29.a0AeXRPp4LiIUmlZMdnsf_f6Oa3jIldkEpyDdL2DXDdnogociwC6pFSVhq44TdH2lUofOXEMn6zpoBPg6dO8gHwzVppCMxeXjuLucOQwKYeukaxr8ysfId_nTDA7-YfEPCg6mM4f8bPXb-UmtJxDvLHZOm9gsoaKGJiwOAFTIlawaCgYKAboSARASFQHGX2MiQmEvnlVXQ4xHTEbKBmHjZA0177
[INFO ] 2025-03-29 22:04:37.969 [main] createDataset - Make POST request to create dataset 
[INFO ] 2025-03-29 22:04:39.351 [main] createDataset - Dataset already exists. Skipping creation.
[INFO ] 2025-03-29 22:04:39.484 [main] createDataset - Access token: ya29.a0AeXRPp4LiIUmlZMdnsf_f6Oa3jIldkEpyDdL2DXDdnogociwC6pFSVhq44TdH2lUofOXEMn6zpoBPg6dO8gHwzVppCMxeXjuLucOQwKYeukaxr8ysfId_nTDA7-YfEPCg6mM4f8bPXb-UmtJxDvLHZOm9gsoaKGJiwOAFTIlawaCgYKAboSARASFQHGX2MiQmEvnlVXQ4xHTEbKBmHjZA0177
[INFO ] 2025-03-29 22:04:39.498 [main] Patch - Executing PATCH request for dataset timezone update...
[INFO ] 2025-03-29 22:04:40.080 [main] Patch - Status Code: 200
[INFO ] 2025-03-29 22:04:40.080 [main] Patch - Dataset timezone updated successfully.
